::1 - - [13/Jun/2022:03:26:49 +0000] "POST /api/v1/categories/ HTTP/1.1" 200 63 "-" "PostmanRuntime/7.29.0"
::1 - - [13/Jun/2022:03:35:08 +0000] "POST /api/v1/categories/ HTTP/1.1" 200 63 "-" "PostmanRuntime/7.29.0"
::1 - - [13/Jun/2022:03:35:53 +0000] "POST /api/v1/categories/ HTTP/1.1" 500 1578 "-" "PostmanRuntime/7.29.0"
::1 - - [13/Jun/2022:03:36:27 +0000] "POST /api/v1/categories/ HTTP/1.1" 500 1612 "-" "PostmanRuntime/7.29.0"
::1 - - [13/Jun/2022:03:38:18 +0000] "POST /api/v1/categories/ HTTP/1.1" 200 63 "-" "PostmanRuntime/7.29.0"
::1 - - [13/Jun/2022:03:48:49 +0000] "POST /api/v1/categories/ HTTP/1.1" 400 61 "-" "PostmanRuntime/7.29.0"
::1 - - [13/Jun/2022:03:51:08 +0000] "POST /api/v1/categories/ HTTP/1.1" 400 836 "-" "PostmanRuntime/7.29.0"
::1 - - [13/Jun/2022:03:55:12 +0000] "POST /api/v1/categories/ HTTP/1.1" 400 461 "-" "PostmanRuntime/7.29.0"
::1 - - [13/Jun/2022:03:56:25 +0000] "POST /api/v1/categories/ HTTP/1.1" 200 305 "-" "PostmanRuntime/7.29.0"
::1 - - [13/Jun/2022:04:07:17 +0000] "POST /api/v1/categories/ HTTP/1.1" 200 305 "-" "PostmanRuntime/7.29.0"
::1 - - [13/Jun/2022:04:21:33 +0000] "GET /api/v1/categories HTTP/1.1" 200 312 "-" "PostmanRuntime/7.29.0"
::1 - - [13/Jun/2022:04:22:34 +0000] "POST /api/v1/categories/ HTTP/1.1" 200 333 "-" "PostmanRuntime/7.29.0"
::1 - - [13/Jun/2022:04:22:50 +0000] "GET /api/v1/categories HTTP/1.1" 200 566 "-" "PostmanRuntime/7.29.0"
::1 - - [13/Jun/2022:04:27:57 +0000] "GET /api/v1/categories/62a6b7f5b4e4a6d6e3116ce1 HTTP/1.1" 200 303 "-" "PostmanRuntime/7.29.0"
::1 - - [13/Jun/2022:04:29:28 +0000] "GET /api/v1/categories/62a6b7f5b4e4a6d6e3116ce1 HTTP/1.1" 200 303 "-" "PostmanRuntime/7.29.0"
::1 - - [13/Jun/2022:04:32:21 +0000] "GET /api/v1/categories/62a6b7f5b4e4a6d6e3116ce HTTP/1.1" 400 315 "-" "PostmanRuntime/7.29.0"
::1 - - [13/Jun/2022:04:32:38 +0000] "GET /api/v1/categories/62a6b7f5b4e4a6d6e3116ce1 HTTP/1.1" 200 303 "-" "PostmanRuntime/7.29.0"
::1 - - [13/Jun/2022:04:33:15 +0000] "GET /api/v1/categories/62a6b7f5b4e4a6d6e3116ce HTTP/1.1" 400 315 "-" "PostmanRuntime/7.29.0"
::1 - - [13/Jun/2022:04:33:19 +0000] "GET /api/v1/categories/62a6b7f5b4e4a6d6e3116ce1 HTTP/1.1" 200 303 "-" "PostmanRuntime/7.29.0"
::1 - - [13/Jun/2022:04:34:49 +0000] "GET /api/v1/categories/62a6b7f5b4e4a6d6e3116ce2 HTTP/1.1" 200 69 "-" "PostmanRuntime/7.29.0"
::1 - - [13/Jun/2022:04:38:00 +0000] "GET /api/v1/categories/62a6b7f5b4e4a6d6e3116ce1 HTTP/1.1" 200 303 "-" "PostmanRuntime/7.29.0"
::1 - - [13/Jun/2022:04:38:06 +0000] "GET /api/v1/categories/62a6b7f5b4e4a6d6e3116ce2 HTTP/1.1" 400 114 "-" "PostmanRuntime/7.29.0"
::1 - - [13/Jun/2022:04:38:13 +0000] "GET /api/v1/categories/62a6b7f5b4e4a6d6e3116ce1 HTTP/1.1" 200 303 "-" "PostmanRuntime/7.29.0"
::1 - - [13/Jun/2022:04:46:29 +0000] "GET /api/v1/categories HTTP/1.1" 200 566 "-" "PostmanRuntime/7.29.0"
::1 - - [13/Jun/2022:04:46:40 +0000] "DELETE /api/v1/categories/62a6bb89130cb5de4bcc45a8 HTTP/1.1" 400 28 "-" "PostmanRuntime/7.29.0"
::1 - - [13/Jun/2022:04:46:49 +0000] "GET /api/v1/categories HTTP/1.1" 200 312 "-" "PostmanRuntime/7.29.0"
::1 - - [13/Jun/2022:04:47:55 +0000] "POST /api/v1/categories/ HTTP/1.1" 200 333 "-" "PostmanRuntime/7.29.0"
::1 - - [13/Jun/2022:04:48:03 +0000] "GET /api/v1/categories HTTP/1.1" 200 566 "-" "PostmanRuntime/7.29.0"
::1 - - [13/Jun/2022:04:48:35 +0000] "DELETE /api/v1/categories/62a6c17b488dec91a8fd0897 HTTP/1.1" 200 335 "-" "PostmanRuntime/7.29.0"
::1 - - [13/Jun/2022:05:43:35 +0000] "PUT /api/v1/categories/1 HTTP/1.1" 400 249 "-" "PostmanRuntime/7.29.0"
::1 - - [13/Jun/2022:05:43:41 +0000] "GET /api/v1/categories HTTP/1.1" 200 312 "-" "PostmanRuntime/7.29.0"
::1 - - [13/Jun/2022:05:43:45 +0000] "GET /api/v1/categories/62a6b7f5b4e4a6d6e3116ce1 HTTP/1.1" 200 303 "-" "PostmanRuntime/7.29.0"
::1 - - [13/Jun/2022:05:43:48 +0000] "GET /api/v1/categories HTTP/1.1" 200 312 "-" "PostmanRuntime/7.29.0"
::1 - - [13/Jun/2022:05:43:51 +0000] "GET /api/v1/categories HTTP/1.1" 200 312 "-" "PostmanRuntime/7.29.0"
::1 - - [13/Jun/2022:05:44:04 +0000] "POST /api/v1/categories/ HTTP/1.1" 200 333 "-" "PostmanRuntime/7.29.0"
::1 - - [13/Jun/2022:05:44:09 +0000] "GET /api/v1/categories HTTP/1.1" 200 566 "-" "PostmanRuntime/7.29.0"
::1 - - [13/Jun/2022:05:44:21 +0000] "GET /api/v1/categories/62a6b7f5b4e4a6d6e3116ce1 HTTP/1.1" 200 303 "-" "PostmanRuntime/7.29.0"
::1 - - [13/Jun/2022:05:45:50 +0000] "PUT /api/v1/categories/62a6b7f5b4e4a6d6e3116ce1 HTTP/1.1" 200 337 "-" "PostmanRuntime/7.29.0"
::1 - - [13/Jun/2022:05:45:57 +0000] "GET /api/v1/categories HTTP/1.1" 200 581 "-" "PostmanRuntime/7.29.0"
::1 - - [13/Jun/2022:05:47:06 +0000] "PUT /api/v1/categories/62a6b7f5b4e4a6d6e3116ce1 HTTP/1.1" 200 347 "-" "PostmanRuntime/7.29.0"
::1 - - [13/Jun/2022:05:47:11 +0000] "GET /api/v1/categories HTTP/1.1" 200 591 "-" "PostmanRuntime/7.29.0"
::1 - - [13/Jun/2022:05:49:44 +0000] "POST /api/v1/categories/ HTTP/1.1" 200 332 "-" "PostmanRuntime/7.29.0"
::1 - - [13/Jun/2022:05:51:25 +0000] "POST /api/v1/categories/ HTTP/1.1" 200 304 "-" "PostmanRuntime/7.29.0"
::1 - - [13/Jun/2022:05:51:33 +0000] "GET /api/v1/categories HTTP/1.1" 200 1069 "-" "PostmanRuntime/7.29.0"
::1 - - [13/Jun/2022:05:53:08 +0000] "POST /api/v1/categories/ HTTP/1.1" 200 336 "-" "PostmanRuntime/7.29.0"
::1 - - [13/Jun/2022:05:53:25 +0000] "GET /api/v1/categories HTTP/1.1" 200 1326 "-" "PostmanRuntime/7.29.0"
::1 - - [13/Jun/2022:07:57:34 +0000] "GET /api/v1/categories/62a6b7f5b4e4a6d6e3116ce1132 HTTP/1.1" 500 146 "-" "PostmanRuntime/7.29.0"
::1 - - [13/Jun/2022:07:59:43 +0000] "DELETE /api/v1/categories/62a6b7f5b4e4a6d6e3116ce1132312312 HTTP/1.1" 500 152 "-" "PostmanRuntime/7.29.0"
::1 - - [13/Jun/2022:08:12:03 +0000] "GET /api/v1/categories/62a6b7f5b4e4a6d6e3116ce1132312312 HTTP/1.1" 500 152 "-" "PostmanRuntime/7.29.0"
::1 - - [13/Jun/2022:08:12:17 +0000] "GET /api/v1/categories/62a6d05db1abeaefd52d6aa1 HTTP/1.1" 500 114 "-" "PostmanRuntime/7.29.0"
::1 - - [13/Jun/2022:08:13:23 +0000] "DELETE /api/v1/categories/62a6d05db1abeaefd52d6aa1 HTTP/1.1" 500 114 "-" "PostmanRuntime/7.29.0"
::1 - - [13/Jun/2022:08:13:28 +0000] "GET /api/v1/categories/62a6d05db1abeaefd52d6aa1 HTTP/1.1" 500 114 "-" "PostmanRuntime/7.29.0"
::1 - - [13/Jun/2022:08:14:52 +0000] "GET /api/v1/categories/62a6d05db1abeaefd52d6aa1 HTTP/1.1" 400 114 "-" "PostmanRuntime/7.29.0"
::1 - - [13/Jun/2022:08:32:34 +0000] "GET /api/v1/categories HTTP/1.1" 200 1326 "-" "PostmanRuntime/7.29.0"
::1 - - [13/Jun/2022:08:32:37 +0000] "GET /api/v1/categories HTTP/1.1" 200 1326 "-" "PostmanRuntime/7.29.0"
::1 - - [13/Jun/2022:08:32:46 +0000] "GET /api/v1/categories HTTP/1.1" 200 1326 "-" "PostmanRuntime/7.29.0"
::1 - - [13/Jun/2022:08:36:30 +0000] "GET /api/v1/categories/62a6d05db1abeaefd52d6aa1 HTTP/1.1" 400 114 "-" "PostmanRuntime/7.29.0"
::1 - - [13/Jun/2022:08:38:41 +0000] "PUT /api/v1/categories/62a6b7f5b4e4a6d6e3116ce8 HTTP/1.1" 400 114 "-" "PostmanRuntime/7.29.0"
::1 - - [13/Jun/2022:08:47:43 +0000] "PUT /api/v1/categories/62a6b7f5b4e4a6d6e3116c HTTP/1.1" 500 141 "-" "PostmanRuntime/7.29.0"
::1 - - [13/Jun/2022:08:48:04 +0000] "PUT /api/v1/categories/62a6b7f5b4e4a6d6e3116c HTTP/1.1" 500 141 "-" "PostmanRuntime/7.29.0"
::1 - - [13/Jun/2022:08:50:55 +0000] "PUT /api/v1/categories/62a6b7f5b4e4a6d6e3116c HTTP/1.1" 500 141 "-" "PostmanRuntime/7.29.0"
::1 - - [13/Jun/2022:08:50:56 +0000] "PUT /api/v1/categories/62a6b7f5b4e4a6d6e3116c HTTP/1.1" 500 141 "-" "PostmanRuntime/7.29.0"
::1 - - [13/Jun/2022:08:51:14 +0000] "PUT /api/v1/categories/62a6b7f5b4e4a6d6e3116c HTTP/1.1" 500 141 "-" "PostmanRuntime/7.29.0"
::1 - - [13/Jun/2022:08:51:49 +0000] "PUT /api/v1/categories/62a6b7f5b4e4a6d6e3116c HTTP/1.1" 400 141 "-" "PostmanRuntime/7.29.0"
::1 - - [13/Jun/2022:08:52:17 +0000] "PUT /api/v1/categories/62a6b7f5b4e4a6d6e3116c HTTP/1.1" 400 141 "-" "PostmanRuntime/7.29.0"
::1 - - [13/Jun/2022:08:52:47 +0000] "PUT /api/v1/categories/62a6b7f5b4e4a6d6e3116c HTTP/1.1" 400 141 "-" "PostmanRuntime/7.29.0"
::1 - - [13/Jun/2022:08:53:15 +0000] "PUT /api/v1/categories/62a6b7f5b4e4a6d6e3116c HTTP/1.1" 500 141 "-" "PostmanRuntime/7.29.0"
::1 - - [13/Jun/2022:08:54:42 +0000] "PUT /api/v1/categories/62a6b7f5b4e4a6d6e3116c HTTP/1.1" 500 141 "-" "PostmanRuntime/7.29.0"
::1 - - [13/Jun/2022:08:54:51 +0000] "PUT /api/v1/categories/62a6b7f5b4e4a6d6e3116c HTTP/1.1" 500 141 "-" "PostmanRuntime/7.29.0"
::1 - - [13/Jun/2022:08:54:52 +0000] "PUT /api/v1/categories/62a6b7f5b4e4a6d6e3116c HTTP/1.1" 500 141 "-" "PostmanRuntime/7.29.0"
::1 - - [13/Jun/2022:08:55:55 +0000] "PUT /api/v1/categories/62a6b7f5b4e4a6d6e3116c HTTP/1.1" 500 141 "-" "PostmanRuntime/7.29.0"
::1 - - [13/Jun/2022:08:56:35 +0000] "PUT /api/v1/categories/62a6b7f5b4e4a6d6e3116c HTTP/1.1" 500 141 "-" "PostmanRuntime/7.29.0"
::1 - - [13/Jun/2022:08:56:57 +0000] "PUT /api/v1/categories/62a6b7f5b4e4a6d6e3116c HTTP/1.1" 500 141 "-" "PostmanRuntime/7.29.0"
::1 - - [13/Jun/2022:08:57:23 +0000] "PUT /api/v1/categories/62a6b7f5b4e4a6d6e3116c HTTP/1.1" 500 141 "-" "PostmanRuntime/7.29.0"
::1 - - [13/Jun/2022:08:57:58 +0000] "PUT /api/v1/categories/62a6b7f5b4e4a6d6e3116c HTTP/1.1" 500 141 "-" "PostmanRuntime/7.29.0"
::1 - - [13/Jun/2022:08:57:59 +0000] "PUT /api/v1/categories/62a6b7f5b4e4a6d6e3116c HTTP/1.1" 500 141 "-" "PostmanRuntime/7.29.0"
::1 - - [13/Jun/2022:08:58:19 +0000] "PUT /api/v1/categories/62a6b7f5b4e4a6d6e3116c HTTP/1.1" 400 78 "-" "PostmanRuntime/7.29.0"
::1 - - [13/Jun/2022:09:00:04 +0000] "PUT /api/v1/categories/62a6b7f5b4e4a6d6e3116c HTTP/1.1" 400 78 "-" "PostmanRuntime/7.29.0"
::1 - - [13/Jun/2022:09:00:15 +0000] "PUT /api/v1/categories/62a6b7f5b4e4a6d6e3116c HTTP/1.1" 400 69 "-" "PostmanRuntime/7.29.0"
::1 - - [13/Jun/2022:09:00:51 +0000] "PUT /api/v1/categories/62a6b7f5b4e4a6d6e3116c HTTP/1.1" 400 69 "-" "PostmanRuntime/7.29.0"
::1 - - [13/Jun/2022:09:00:53 +0000] "PUT /api/v1/categories/62a6b7f5b4e4a6d6e3116c HTTP/1.1" 400 69 "-" "PostmanRuntime/7.29.0"
::1 - - [13/Jun/2022:09:00:54 +0000] "PUT /api/v1/categories/62a6b7f5b4e4a6d6e3116c HTTP/1.1" 400 69 "-" "PostmanRuntime/7.29.0"
::1 - - [13/Jun/2022:09:02:16 +0000] "POST /api/v1/categories/ HTTP/1.1" 400 69 "-" "PostmanRuntime/7.29.0"
::1 - - [13/Jun/2022:09:02:31 +0000] "POST /api/v1/categories/ HTTP/1.1" 400 69 "-" "PostmanRuntime/7.29.0"
::1 - - [13/Jun/2022:09:03:58 +0000] "POST /api/v1/categories/ HTTP/1.1" 400 69 "-" "PostmanRuntime/7.29.0"
::1 - - [13/Jun/2022:09:04:23 +0000] "POST /api/v1/categories/ HTTP/1.1" 400 69 "-" "PostmanRuntime/7.29.0"
::1 - - [13/Jun/2022:09:04:37 +0000] "POST /api/v1/categories/ HTTP/1.1" 400 69 "-" "PostmanRuntime/7.29.0"
::1 - - [13/Jun/2022:09:04:52 +0000] "POST /api/v1/categories/ HTTP/1.1" 400 69 "-" "PostmanRuntime/7.29.0"
::1 - - [13/Jun/2022:09:06:20 +0000] "POST /api/v1/categories/ HTTP/1.1" 400 69 "-" "PostmanRuntime/7.29.0"
::1 - - [13/Jun/2022:09:06:26 +0000] "POST /api/v1/categories/ HTTP/1.1" 400 69 "-" "PostmanRuntime/7.29.0"
::1 - - [13/Jun/2022:09:06:32 +0000] "POST /api/v1/categories/ HTTP/1.1" 400 69 "-" "PostmanRuntime/7.29.0"
::1 - - [13/Jun/2022:09:07:55 +0000] "POST /api/v1/categories/ HTTP/1.1" 500 192 "-" "PostmanRuntime/7.29.0"
::1 - - [13/Jun/2022:09:08:09 +0000] "POST /api/v1/categories/ HTTP/1.1" 500 139 "-" "PostmanRuntime/7.29.0"
::1 - - [13/Jun/2022:09:10:02 +0000] "POST /api/v1/categories/ HTTP/1.1" 500 139 "-" "PostmanRuntime/7.29.0"
::1 - - [13/Jun/2022:09:11:18 +0000] "POST /api/v1/categories/ HTTP/1.1" 500 139 "-" "PostmanRuntime/7.29.0"
::1 - - [13/Jun/2022:09:11:50 +0000] "POST /api/v1/categories/ HTTP/1.1" 500 1481 "-" "PostmanRuntime/7.29.0"
::1 - - [13/Jun/2022:09:12:11 +0000] "POST /api/v1/categories/ HTTP/1.1" 400 76 "-" "PostmanRuntime/7.29.0"
::1 - - [13/Jun/2022:09:13:29 +0000] "PUT /api/v1/categories/62a6b7f5b4e4a6d6e3116c HTTP/1.1" 400 69 "-" "PostmanRuntime/7.29.0"
::1 - - [13/Jun/2022:09:13:37 +0000] "GET /api/v1/categories HTTP/1.1" 200 1326 "-" "PostmanRuntime/7.29.0"
::1 - - [13/Jun/2022:09:13:47 +0000] "PUT /api/v1/categories/62a6b7f5b4e4a6d6e3116ce1 HTTP/1.1" 200 347 "-" "PostmanRuntime/7.29.0"
::1 - - [13/Jun/2022:15:35:31 +0000] "GET /api/v1/categories HTTP/1.1" 200 1326 "-" "PostmanRuntime/7.29.0"
::1 - - [13/Jun/2022:15:51:55 +0000] "GET /api/v1/categories HTTP/1.1" 200 74 "-" "PostmanRuntime/7.29.0"
::1 - - [13/Jun/2022:15:52:19 +0000] "GET /api/v1/categories HTTP/1.1" 200 1326 "-" "PostmanRuntime/7.29.0"
