::1 - - [13/Jun/2022:16:13:04 +0000] "POST /api/v1/categories/ HTTP/1.1" 500 53 "-" "PostmanRuntime/7.29.0"
::1 - - [13/Jun/2022:16:14:04 +0000] "POST /api/v1/categories/ HTTP/1.1" 200 360 "-" "PostmanRuntime/7.29.0"
::1 - - [13/Jun/2022:16:14:16 +0000] "GET /api/v1/categories HTTP/1.1" 200 1607 "-" "PostmanRuntime/7.29.0"
::1 - - [13/Jun/2022:16:15:05 +0000] "DELETE /api/v1/categories/62a7624c9079fce77f7164e4 HTTP/1.1" 200 362 "-" "PostmanRuntime/7.29.0"
::1 - - [13/Jun/2022:16:16:20 +0000] "POST /api/v1/categories/ HTTP/1.1" 200 360 "-" "PostmanRuntime/7.29.0"
::1 - - [13/Jun/2022:16:16:34 +0000] "GET /api/v1/categories HTTP/1.1" 200 1607 "-" "PostmanRuntime/7.29.0"
::1 - - [13/Jun/2022:16:16:49 +0000] "DELETE /api/v1/categories/62a762ce4bddd685fb4f65ce HTTP/1.1" 200 362 "-" "PostmanRuntime/7.29.0"
::1 - - [13/Jun/2022:16:17:54 +0000] "DELETE /api/v1/categories/62a762ce4bddd685fb4f65ce HTTP/1.1" 400 114 "-" "PostmanRuntime/7.29.0"
::1 - - [13/Jun/2022:16:18:00 +0000] "POST /api/v1/categories/ HTTP/1.1" 200 360 "-" "PostmanRuntime/7.29.0"
::1 - - [13/Jun/2022:16:21:32 +0000] "GET /api/v1/categories HTTP/1.1" 200 1438 "-" "PostmanRuntime/7.29.0"
::1 - - [18/Jun/2022:14:43:40 +0000] "GET /api/v1/categories HTTP/1.1" 200 1598 "-" "PostmanRuntime/7.29.0"
::1 - - [18/Jun/2022:14:54:15 +0000] "GET /api/v1/categories?name=%D0%9F%D1%80%D0%BE%D0%B3%D1%80%D0%B0%D0%BC%D1%87%D0%BB%D0%B0%D0%BB HTTP/1.1" 200 379 "-" "PostmanRuntime/7.29.0"
::1 - - [18/Jun/2022:14:55:17 +0000] "GET /api/v1/categories?avgPrice[$gte]=40000 HTTP/1.1" 200 1285 "-" "PostmanRuntime/7.29.0"
::1 - - [18/Jun/2022:14:55:41 +0000] "GET /api/v1/categories?avgPrice[$gte]=400000 HTTP/1.1" 200 705 "-" "PostmanRuntime/7.29.0"
::1 - - [18/Jun/2022:14:56:12 +0000] "GET /api/v1/categories?avgPrice[$lte]=400000 HTTP/1.1" 200 966 "-" "PostmanRuntime/7.29.0"
::1 - - [18/Jun/2022:14:57:32 +0000] "GET /api/v1/categories?avgPrice[$lte]=400000&avgRating[$gte]=7 HTTP/1.1" 200 653 "-" "PostmanRuntime/7.29.0"
::1 - - [25/Jun/2022:04:04:33 +0000] "GET / HTTP/1.1" 404 139 "-" "Mozilla/5.0 (Windows NT 10.0; Win64; x64) AppleWebKit/537.36 (KHTML, like Gecko) Chrome/103.0.5060.53 Safari/537.36"
::1 - - [25/Jun/2022:04:04:40 +0000] "GET /api HTTP/1.1" 404 142 "-" "Mozilla/5.0 (Windows NT 10.0; Win64; x64) AppleWebKit/537.36 (KHTML, like Gecko) Chrome/103.0.5060.53 Safari/537.36"
::1 - - [25/Jun/2022:04:05:23 +0000] "GET /api/v1/categories?avgPrice[$lte]=400000&avgRating[$gte]=7 HTTP/1.1" 200 653 "-" "PostmanRuntime/7.29.0"
::1 - - [25/Jun/2022:04:05:37 +0000] "GET /api/v1/categories HTTP/1.1" 200 1598 "-" "PostmanRuntime/7.29.0"
::1 - - [25/Jun/2022:04:10:58 +0000] "GET /api/v1/categories?select=name%20slug HTTP/1.1" 200 528 "-" "PostmanRuntime/7.29.0"
::1 - - [25/Jun/2022:04:11:15 +0000] "GET /api/v1/categories? HTTP/1.1" 200 1598 "-" "PostmanRuntime/7.29.0"
::1 - - [25/Jun/2022:04:15:57 +0000] "GET /api/v1/categories?sort=avgRating HTTP/1.1" 500 72 "-" "PostmanRuntime/7.29.0"
::1 - - [25/Jun/2022:04:16:12 +0000] "GET /api/v1/categories? HTTP/1.1" 200 1598 "-" "PostmanRuntime/7.29.0"
::1 - - [25/Jun/2022:04:16:20 +0000] "GET /api/v1/categories?sort=name HTTP/1.1" 500 67 "-" "PostmanRuntime/7.29.0"
::1 - - [25/Jun/2022:04:17:47 +0000] "GET /api/v1/categories?select=%20slug%20avgRating&sort=name HTTP/1.1" 500 67 "-" "PostmanRuntime/7.29.0"
::1 - - [25/Jun/2022:04:17:57 +0000] "GET /api/v1/categories?select=%20slug%20avgRating HTTP/1.1" 200 432 "-" "PostmanRuntime/7.29.0"
::1 - - [25/Jun/2022:04:18:19 +0000] "GET /api/v1/categories?select=%20slug%20avgRating&sort=-avgRating HTTP/1.1" 500 73 "-" "PostmanRuntime/7.29.0"
::1 - - [25/Jun/2022:04:19:39 +0000] "GET /api/v1/categories?select=%20slug%20avgRating&sort=-avgRating&sort%20avgRating HTTP/1.1" 200 432 "-" "PostmanRuntime/7.29.0"
::1 - - [25/Jun/2022:04:20:04 +0000] "GET /api/v1/categories?select=%20slug%20avgRating%20avgPrice&sort=-avgRating&sort%20avgRating%20avgPrice HTTP/1.1" 200 520 "-" "PostmanRuntime/7.29.0"
::1 - - [25/Jun/2022:05:00:30 +0000] "GET /api/v1/categories?select=name&limit=2 HTTP/1.1" 200 233 "-" "PostmanRuntime/7.29.0"
::1 - - [25/Jun/2022:05:00:38 +0000] "GET /api/v1/categories?select=name HTTP/1.1" 200 416 "-" "PostmanRuntime/7.29.0"
::1 - - [25/Jun/2022:05:12:14 +0000] "GET /api/v1/categories?page=2&limit=2 HTTP/1.1" 200 737 "-" "PostmanRuntime/7.29.0"
::1 - - [25/Jun/2022:05:12:37 +0000] "GET /api/v1/categories?page=3&limit=2 HTTP/1.1" 500 60 "-" "PostmanRuntime/7.29.0"
::1 - - [25/Jun/2022:05:12:48 +0000] "GET /api/v1/categories?page=1&limit=2 HTTP/1.1" 200 781 "-" "PostmanRuntime/7.29.0"
::1 - - [25/Jun/2022:05:13:03 +0000] "GET /api/v1/categories?page=1&limit=2 HTTP/1.1" 200 781 "-" "PostmanRuntime/7.29.0"
::1 - - [25/Jun/2022:05:15:37 +0000] "GET /api/v1/categories?page=1&limit=1 HTTP/1.1" 200 468 "-" "PostmanRuntime/7.29.0"
::1 - - [25/Jun/2022:05:15:42 +0000] "GET /api/v1/categories?page=2&limit=1 HTTP/1.1" 200 469 "-" "PostmanRuntime/7.29.0"
::1 - - [25/Jun/2022:05:15:47 +0000] "GET /api/v1/categories?page=2&limit=3 HTTP/1.1" 500 60 "-" "PostmanRuntime/7.29.0"
::1 - - [25/Jun/2022:05:15:51 +0000] "GET /api/v1/categories?page=2&limit=1 HTTP/1.1" 200 469 "-" "PostmanRuntime/7.29.0"
::1 - - [25/Jun/2022:05:16:58 +0000] "GET /api/v1/categories?page=6&limit=1 HTTP/1.1" 500 60 "-" "PostmanRuntime/7.29.0"
::1 - - [25/Jun/2022:05:17:42 +0000] "GET /api/v1/categories?page=6&limit=1 HTTP/1.1" 500 60 "-" "PostmanRuntime/7.29.0"
::1 - - [25/Jun/2022:05:18:10 +0000] "GET /api/v1/categories?page=6&limit=1 HTTP/1.1" 500 60 "-" "PostmanRuntime/7.29.0"
::1 - - [25/Jun/2022:05:18:58 +0000] "GET /api/v1/categories?page=6&limit=1 HTTP/1.1" 200 144 "-" "PostmanRuntime/7.29.0"
::1 - - [25/Jun/2022:05:19:14 +0000] "GET /api/v1/categories?page=2&limit=3 HTTP/1.1" 200 723 "-" "PostmanRuntime/7.29.0"
::1 - - [25/Jun/2022:05:34:31 +0000] "GET /api/v1/categories?page=2&limit=3 HTTP/1.1" 200 723 "-" "PostmanRuntime/7.29.0"
::1 - - [25/Jun/2022:05:35:24 +0000] "GET /api/v1/categories?page=2&limit=3 HTTP/1.1" 500 60 "-" "PostmanRuntime/7.29.0"
::1 - - [25/Jun/2022:05:35:47 +0000] "GET /api/v1/categories?page=2&limit=3 HTTP/1.1" 200 723 "-" "PostmanRuntime/7.29.0"
::1 - - [25/Jun/2022:05:36:32 +0000] "GET /api/v1/categories?page=2&limit=3 HTTP/1.1" 200 723 "-" "PostmanRuntime/7.29.0"
::1 - - [25/Jun/2022:05:43:23 +0000] "GET /api/v1/categories?page&limit HTTP/1.1" 200 157 "-" "PostmanRuntime/7.29.0"
::1 - - [25/Jun/2022:05:43:35 +0000] "GET /api/v1/categories?page=limit HTTP/1.1" 200 157 "-" "PostmanRuntime/7.29.0"
::1 - - [25/Jun/2022:05:43:47 +0000] "GET /api/v1/categories? HTTP/1.1" 200 157 "-" "PostmanRuntime/7.29.0"
::1 - - [25/Jun/2022:05:43:50 +0000] "GET /api/v1/categories HTTP/1.1" 200 157 "-" "PostmanRuntime/7.29.0"
::1 - - [25/Jun/2022:05:44:04 +0000] "GET /api/v1/categories HTTP/1.1" 200 157 "-" "PostmanRuntime/7.29.0"
::1 - - [25/Jun/2022:05:44:05 +0000] "GET /api/v1/categories HTTP/1.1" 200 157 "-" "PostmanRuntime/7.29.0"
::1 - - [25/Jun/2022:05:44:22 +0000] "GET /api/v1/categories?page=1&limit2 HTTP/1.1" 200 478 "-" "PostmanRuntime/7.29.0"
::1 - - [25/Jun/2022:05:44:41 +0000] "GET /api/v1/categories?page=1&limit=2 HTTP/1.1" 200 791 "-" "PostmanRuntime/7.29.0"
::1 - - [25/Jun/2022:05:45:08 +0000] "GET /api/v1/categories?select HTTP/1.1" 200 157 "-" "PostmanRuntime/7.29.0"
::1 - - [25/Jun/2022:05:45:13 +0000] "GET /api/v1/categories?select=name HTTP/1.1" 200 157 "-" "PostmanRuntime/7.29.0"
::1 - - [25/Jun/2022:05:46:51 +0000] "GET /api/v1/categories HTTP/1.1" 200 157 "-" "PostmanRuntime/7.29.0"
::1 - - [25/Jun/2022:05:46:52 +0000] "GET /api/v1/categories HTTP/1.1" 200 157 "-" "PostmanRuntime/7.29.0"
::1 - - [25/Jun/2022:05:47:44 +0000] "GET /api/v1/categories?select=name HTTP/1.1" 200 157 "-" "PostmanRuntime/7.29.0"
::1 - - [25/Jun/2022:05:50:02 +0000] "GET /api/v1/categories?select=name HTTP/1.1" 200 157 "-" "PostmanRuntime/7.29.0"
::1 - - [25/Jun/2022:05:50:32 +0000] "GET /api/v1/categories/62a6d05db1abeaefd52d6aa1 HTTP/1.1" 400 114 "-" "PostmanRuntime/7.29.0"
::1 - - [25/Jun/2022:05:50:58 +0000] "GET /api/v1/categories?page&limit HTTP/1.1" 200 157 "-" "PostmanRuntime/7.29.0"
::1 - - [25/Jun/2022:05:51:17 +0000] "GET /api/v1/categories?page&limit HTTP/1.1" 200 1667 "-" "PostmanRuntime/7.29.0"
::1 - - [25/Jun/2022:05:51:25 +0000] "GET /api/v1/categories HTTP/1.1" 200 1667 "-" "PostmanRuntime/7.29.0"
::1 - - [25/Jun/2022:07:02:13 +0000] "POST /api/v1/categories/ HTTP/1.1" 200 398 "-" "PostmanRuntime/7.29.0"
::1 - - [25/Jun/2022:07:02:18 +0000] "GET /api/v1/categories HTTP/1.1" 200 1986 "-" "PostmanRuntime/7.29.0"
::1 - - [25/Jun/2022:10:58:40 +0000] "GET /api/v1/books HTTP/1.1" 200 54 "-" "PostmanRuntime/7.29.0"
::1 - - [25/Jun/2022:10:58:47 +0000] "GET /api/v1/books HTTP/1.1" 200 54 "-" "PostmanRuntime/7.29.0"
::1 - - [25/Jun/2022:11:11:54 +0000] "GET /api/v1/books HTTP/1.1" 200 12792 "-" "PostmanRuntime/7.29.0"
::1 - - [25/Jun/2022:11:13:09 +0000] "GET /api/v1/books HTTP/1.1" 200 12792 "-" "PostmanRuntime/7.29.0"
::1 - - [25/Jun/2022:11:13:19 +0000] "GET /api/v1/categories HTTP/1.1" 200 1984 "-" "PostmanRuntime/7.29.0"
::1 - - [25/Jun/2022:11:19:24 +0000] "GET /api/v1/books HTTP/1.1" 200 12792 "-" "PostmanRuntime/7.29.0"
::1 - - [25/Jun/2022:11:29:21 +0000] "GET /api/v1/categories/62a6d05db1abeaefd52d6aa1 HTTP/1.1" 400 114 "-" "PostmanRuntime/7.29.0"
::1 - - [25/Jun/2022:11:29:32 +0000] "GET /api/v1/categories/62a6b7f5b4e4a6d6e3116ce1 HTTP/1.1" 200 388 "-" "PostmanRuntime/7.29.0"
::1 - - [25/Jun/2022:11:29:40 +0000] "GET /api/v1/categories/62a6b7f5b4e4a6d6e3116ce1/books HTTP/1.1" 200 12792 "-" "PostmanRuntime/7.29.0"
::1 - - [25/Jun/2022:11:30:06 +0000] "GET /api/v1/categories/62a6b7f5b4e4a6d6e3116ce1/books HTTP/1.1" 200 12792 "-" "PostmanRuntime/7.29.0"
::1 - - [25/Jun/2022:11:31:23 +0000] "GET /api/v1/categories/62a6b7f5b4e4a6d6e3116ce1/books HTTP/1.1" 200 1531 "-" "PostmanRuntime/7.29.0"
::1 - - [25/Jun/2022:11:32:19 +0000] "GET /api/v1/categories/62a6cff8b1abeaefd52d6aa0/books HTTP/1.1" 200 820 "-" "PostmanRuntime/7.29.0"
::1 - - [26/Jun/2022:08:29:14 +0000] "GET /api/v1/books HTTP/1.1" 500 146 "-" "PostmanRuntime/7.29.0"
::1 - - [26/Jun/2022:08:29:26 +0000] "GET /api/v1/books HTTP/1.1" 500 117 "-" "PostmanRuntime/7.29.0"
::1 - - [26/Jun/2022:08:30:06 +0000] "GET /api/v1/books HTTP/1.1" 500 117 "-" "PostmanRuntime/7.29.0"
::1 - - [26/Jun/2022:08:30:07 +0000] "GET /api/v1/books HTTP/1.1" 500 117 "-" "PostmanRuntime/7.29.0"
::1 - - [26/Jun/2022:08:30:08 +0000] "GET /api/v1/books HTTP/1.1" 500 117 "-" "PostmanRuntime/7.29.0"
::1 - - [26/Jun/2022:08:31:35 +0000] "GET /api/v1/books HTTP/1.1" 500 117 "-" "PostmanRuntime/7.29.0"
::1 - - [26/Jun/2022:08:32:01 +0000] "GET /api/v1/categories HTTP/1.1" 200 1984 "-" "PostmanRuntime/7.29.0"
::1 - - [26/Jun/2022:08:32:30 +0000] "GET /api/v1/books HTTP/1.1" 500 117 "-" "PostmanRuntime/7.29.0"
::1 - - [26/Jun/2022:08:33:27 +0000] "GET /api/v1/books HTTP/1.1" 500 149 "-" "PostmanRuntime/7.29.0"
::1 - - [26/Jun/2022:08:33:40 +0000] "GET /api/v1/books HTTP/1.1" 500 117 "-" "PostmanRuntime/7.29.0"
::1 - - [26/Jun/2022:08:35:26 +0000] "GET /api/v1/books HTTP/1.1" 500 117 "-" "PostmanRuntime/7.29.0"
::1 - - [26/Jun/2022:08:36:56 +0000] "GET /api/v1/books HTTP/1.1" 500 117 "-" "PostmanRuntime/7.29.0"
::1 - - [26/Jun/2022:08:39:41 +0000] "GET /api/v1/books HTTP/1.1" 500 147 "-" "PostmanRuntime/7.29.0"
::1 - - [26/Jun/2022:08:39:52 +0000] "GET /api/v1/books HTTP/1.1" 500 117 "-" "PostmanRuntime/7.29.0"
::1 - - [26/Jun/2022:08:40:37 +0000] "GET /api/v1/books HTTP/1.1" 500 152 "-" "PostmanRuntime/7.29.0"
::1 - - [26/Jun/2022:08:40:38 +0000] "GET /api/v1/books HTTP/1.1" 500 152 "-" "PostmanRuntime/7.29.0"
::1 - - [26/Jun/2022:08:44:36 +0000] "GET /api/v1/categories HTTP/1.1" 200 1987 "-" "PostmanRuntime/7.29.0"
::1 - - [26/Jun/2022:08:45:01 +0000] "GET /api/v1/categories/62a6d05db1abeaefd52d6aa2/books HTTP/1.1" 200 3664 "-" "PostmanRuntime/7.29.0"
::1 - - [26/Jun/2022:08:46:20 +0000] "GET /api/v1/books HTTP/1.1" 500 117 "-" "PostmanRuntime/7.29.0"
::1 - - [26/Jun/2022:08:48:23 +0000] "GET /api/v1/books HTTP/1.1" 500 117 "-" "PostmanRuntime/7.29.0"
::1 - - [26/Jun/2022:08:49:07 +0000] "GET /api/v1/books HTTP/1.1" 500 117 "-" "PostmanRuntime/7.29.0"
::1 - - [26/Jun/2022:08:55:43 +0000] "GET /api/v1/books HTTP/1.1" 200 13212 "-" "PostmanRuntime/7.29.0"
::1 - - [26/Jun/2022:08:55:54 +0000] "GET /api/v1/categories/62a6d05db1abeaefd52d6aa2/books HTTP/1.1" 200 3664 "-" "PostmanRuntime/7.29.0"
::1 - - [26/Jun/2022:08:55:56 +0000] "GET /api/v1/categories/62a6d05db1abeaefd52d6aa2/books HTTP/1.1" 200 3664 "-" "PostmanRuntime/7.29.0"
::1 - - [26/Jun/2022:08:55:57 +0000] "GET /api/v1/categories/62a6d05db1abeaefd52d6aa2/books HTTP/1.1" 200 3664 "-" "PostmanRuntime/7.29.0"
::1 - - [26/Jun/2022:08:55:58 +0000] "GET /api/v1/categories/62a6d05db1abeaefd52d6aa2/books HTTP/1.1" 200 3664 "-" "PostmanRuntime/7.29.0"
::1 - - [26/Jun/2022:08:55:59 +0000] "GET /api/v1/categories/62a6d05db1abeaefd52d6aa2/books HTTP/1.1" 200 3664 "-" "PostmanRuntime/7.29.0"
::1 - - [26/Jun/2022:08:56:03 +0000] "GET /api/v1/categories/62a6d05db1abeaefd52d6aa2 HTTP/1.1" 200 337 "-" "PostmanRuntime/7.29.0"
::1 - - [26/Jun/2022:08:56:04 +0000] "GET /api/v1/categories/62a6d05db1abeaefd52d6aa2 HTTP/1.1" 200 337 "-" "PostmanRuntime/7.29.0"
::1 - - [26/Jun/2022:08:56:05 +0000] "GET /api/v1/categories/62a6d05db1abeaefd52d6aa2 HTTP/1.1" 200 337 "-" "PostmanRuntime/7.29.0"
::1 - - [26/Jun/2022:08:56:06 +0000] "GET /api/v1/categories/62a6d05db1abeaefd52d6aa2 HTTP/1.1" 200 337 "-" "PostmanRuntime/7.29.0"
::1 - - [26/Jun/2022:08:56:15 +0000] "GET /api/v1/categories/62a6b7f5b4e4a6d6e3116ce1 HTTP/1.1" 200 389 "-" "PostmanRuntime/7.29.0"
::1 - - [26/Jun/2022:08:56:16 +0000] "GET /api/v1/categories/62a6b7f5b4e4a6d6e3116ce1 HTTP/1.1" 200 389 "-" "PostmanRuntime/7.29.0"
::1 - - [26/Jun/2022:08:56:25 +0000] "GET /api/v1/categories/62a6b7f5b4e4a6d6e3116ce1 HTTP/1.1" 200 389 "-" "PostmanRuntime/7.29.0"
::1 - - [26/Jun/2022:08:56:26 +0000] "GET /api/v1/categories/62a6b7f5b4e4a6d6e3116ce1 HTTP/1.1" 200 389 "-" "PostmanRuntime/7.29.0"
::1 - - [26/Jun/2022:08:56:28 +0000] "GET /api/v1/categories/62a6b7f5b4e4a6d6e3116ce1 HTTP/1.1" 200 389 "-" "PostmanRuntime/7.29.0"
::1 - - [26/Jun/2022:08:56:29 +0000] "GET /api/v1/categories/62a6b7f5b4e4a6d6e3116ce1 HTTP/1.1" 200 389 "-" "PostmanRuntime/7.29.0"
::1 - - [26/Jun/2022:08:56:32 +0000] "GET /api/v1/categories HTTP/1.1" 200 1987 "-" "PostmanRuntime/7.29.0"
::1 - - [26/Jun/2022:08:56:42 +0000] "GET /api/v1/categories/62a6d0c3b1abeaefd52d6aa5/books HTTP/1.1" 200 2328 "-" "PostmanRuntime/7.29.0"
::1 - - [26/Jun/2022:08:57:20 +0000] "GET /api/v1/categories/62a6d0c3b1abeaefd52d6aa5/books HTTP/1.1" 200 2328 "-" "PostmanRuntime/7.29.0"
::1 - - [26/Jun/2022:08:57:21 +0000] "GET /api/v1/categories/62a6d0c3b1abeaefd52d6aa5/books HTTP/1.1" 200 2328 "-" "PostmanRuntime/7.29.0"
::1 - - [26/Jun/2022:08:57:32 +0000] "GET /api/v1/categories/62a6d0c3b1abeaefd52d6aa5 HTTP/1.1" 200 371 "-" "PostmanRuntime/7.29.0"
::1 - - [26/Jun/2022:08:57:49 +0000] "GET /api/v1/categories/62a6d0c3b1abeaefd52d6aa5/books HTTP/1.1" 200 2328 "-" "PostmanRuntime/7.29.0"
::1 - - [26/Jun/2022:09:27:00 +0000] "GET /api/v1/categories/62a6d0c3b1abeaefd52d6aa5/ HTTP/1.1" 200 2710 "-" "PostmanRuntime/7.29.0"
::1 - - [26/Jun/2022:09:28:38 +0000] "GET /api/v1/categories/62a6d0c3b1abeaefd52d6aa5/books HTTP/1.1" 200 2424 "-" "PostmanRuntime/7.29.0"
::1 - - [26/Jun/2022:12:25:14 +0000] "DELETE /api/v1/categories/62a762ce4bddd685fb4f65ce HTTP/1.1" 400 114 "-" "PostmanRuntime/7.29.0"
::1 - - [26/Jun/2022:12:25:18 +0000] "GET /api/v1/categories HTTP/1.1" 200 2179 "-" "PostmanRuntime/7.29.0"
::1 - - [26/Jun/2022:12:25:27 +0000] "DELETE /api/v1/categories/62a6b7f5b4e4a6d6e3116ce1 HTTP/1.1" 200 438 "-" "PostmanRuntime/7.29.0"
::1 - - [26/Jun/2022:12:25:34 +0000] "GET /api/v1/books HTTP/1.1" 200 13534 "-" "PostmanRuntime/7.29.0"
::1 - - [26/Jun/2022:12:27:04 +0000] "GET /api/v1/categories HTTP/1.1" 200 1822 "-" "PostmanRuntime/7.29.0"
::1 - - [26/Jun/2022:12:27:17 +0000] "GET /api/v1/categories/62a6d05db1abeaefd52d6aa2/books HTTP/1.1" 200 3758 "-" "PostmanRuntime/7.29.0"
::1 - - [26/Jun/2022:12:27:26 +0000] "DELETE /api/v1/categories/62a6d05db1abeaefd52d6aa2 HTTP/1.1" 200 386 "-" "PostmanRuntime/7.29.0"
::1 - - [26/Jun/2022:12:27:31 +0000] "GET /api/v1/books HTTP/1.1" 200 13432 "-" "PostmanRuntime/7.29.0"
::1 - - [26/Jun/2022:12:30:10 +0000] "GET /api/v1/categories HTTP/1.1" 200 1517 "-" "PostmanRuntime/7.29.0"
::1 - - [26/Jun/2022:12:30:54 +0000] "GET /api/v1/categories/62a6cea4b1abeaefd52d6a98/books HTTP/1.1" 200 1682 "-" "PostmanRuntime/7.29.0"
::1 - - [26/Jun/2022:12:31:06 +0000] "DELETE /api/v1/categories/62a6cea4b1abeaefd52d6a98 HTTP/1.1" 200 427 "-" "PostmanRuntime/7.29.0"
::1 - - [26/Jun/2022:12:31:18 +0000] "GET /api/v1/books HTTP/1.1" 200 64 "-" "PostmanRuntime/7.29.0"
::1 - - [26/Jun/2022:12:31:28 +0000] "GET /api/v1/books HTTP/1.1" 200 64 "-" "PostmanRuntime/7.29.0"
::1 - - [26/Jun/2022:12:44:10 +0000] "GET /api/v1/categories HTTP/1.1" 200 2178 "-" "PostmanRuntime/7.29.0"
::1 - - [26/Jun/2022:12:44:22 +0000] "DELETE /api/v1/categories/62a6b7f5b4e4a6d6e3116ce1 HTTP/1.1" 200 438 "-" "PostmanRuntime/7.29.0"
::1 - - [26/Jun/2022:12:45:19 +0000] "GET /api/v1/books HTTP/1.1" 200 12055 "-" "PostmanRuntime/7.29.0"
::1 - - [26/Jun/2022:12:46:01 +0000] "DELETE /api/v1/categories/62a6cff8b1abeaefd52d6aa0 HTTP/1.1" 200 420 "-" "PostmanRuntime/7.29.0"
::1 - - [26/Jun/2022:12:46:07 +0000] "GET /api/v1/books HTTP/1.1" 200 11176 "-" "PostmanRuntime/7.29.0"
::1 - - [26/Jun/2022:12:48:57 +0000] "GET /api/v1/categories HTTP/1.1" 200 2177 "-" "PostmanRuntime/7.29.0"
::1 - - [26/Jun/2022:12:49:28 +0000] "GET /api/v1/categories/62b6b2f469e0042334e72a3b/books HTTP/1.1" 200 3412 "-" "PostmanRuntime/7.29.0"
::1 - - [26/Jun/2022:12:54:26 +0000] "GET /api/v1/books HTTP/1.1" 200 13659 "-" "PostmanRuntime/7.29.0"
::1 - - [26/Jun/2022:12:55:45 +0000] "GET /api/v1/books/62b8554ee95bd467b9f64bfc HTTP/1.1" 200 1596 "-" "PostmanRuntime/7.29.0"
::1 - - [26/Jun/2022:12:56:05 +0000] "GET /api/v1/categories/62b6b2f469e0042334e72a3b HTTP/1.1" 200 3624 "-" "PostmanRuntime/7.29.0"
::1 - - [26/Jun/2022:13:03:56 +0000] "POST /api/v1/books HTTP/1.1" 400 109 "-" "PostmanRuntime/7.29.0"
::1 - - [26/Jun/2022:13:04:46 +0000] "POST /api/v1/books/ HTTP/1.1" 400 109 "-" "PostmanRuntime/7.29.0"
::1 - - [26/Jun/2022:13:07:19 +0000] "POST /api/v1/books/ HTTP/1.1" 200 1831 "-" "PostmanRuntime/7.29.0"
::1 - - [26/Jun/2022:13:07:34 +0000] "GET /api/v1/books HTTP/1.1" 200 15525 "-" "PostmanRuntime/7.29.0"
::1 - - [26/Jun/2022:13:11:20 +0000] "POST /api/v1/books/ HTTP/1.1" 200 1855 "-" "PostmanRuntime/7.29.0"
::1 - - [26/Jun/2022:13:22:07 +0000] "GET /api/v1/books HTTP/1.1" 200 17415 "-" "PostmanRuntime/7.29.0"
::1 - - [26/Jun/2022:13:22:35 +0000] "PUT /api/v1/books/62b85af78b2003968c455f1b HTTP/1.1" 200 1863 "-" "PostmanRuntime/7.29.0"
::1 - - [26/Jun/2022:13:22:45 +0000] "GET /api/v1/books HTTP/1.1" 200 17421 "-" "PostmanRuntime/7.29.0"
::1 - - [26/Jun/2022:13:25:19 +0000] "DELETE /api/v1/books/62b85af78b2003968c455f1b HTTP/1.1" 200 1861 "-" "PostmanRuntime/7.29.0"
::1 - - [26/Jun/2022:13:25:36 +0000] "GET /api/v1/books HTTP/1.1" 200 15525 "-" "PostmanRuntime/7.29.0"
::1 - - [26/Jun/2022:13:30:06 +0000] "POST /api/v1/books/ HTTP/1.1" 200 1855 "-" "PostmanRuntime/7.29.0"
::1 - - [26/Jun/2022:13:30:10 +0000] "GET /api/v1/books HTTP/1.1" 200 17415 "-" "PostmanRuntime/7.29.0"
::1 - - [26/Jun/2022:13:30:24 +0000] "DELETE /api/v1/books/62b85f5da3e51952162bd7e2 HTTP/1.1" 500 47 "-" "PostmanRuntime/7.29.0"
::1 - - [26/Jun/2022:13:30:55 +0000] "DELETE /api/v1/books/62b85f5da3e51952162bd7e2 HTTP/1.1" 200 1855 "-" "PostmanRuntime/7.29.0"
::1 - - [26/Jun/2022:13:31:00 +0000] "GET /api/v1/books HTTP/1.1" 200 15525 "-" "PostmanRuntime/7.29.0"
::1 - - [26/Jun/2022:13:50:47 +0000] "GET /api/v1/categories/62b6b2f469e0042334e72a3b HTTP/1.1" 200 5397 "-" "PostmanRuntime/7.29.0"
::1 - - [26/Jun/2022:14:20:36 +0000] "POST /api/v1/books/ HTTP/1.1" 500 79 "-" "PostmanRuntime/7.29.0"
::1 - - [26/Jun/2022:14:21:31 +0000] "POST /api/v1/books/ HTTP/1.1" 400 76 "-" "PostmanRuntime/7.29.0"
::1 - - [26/Jun/2022:14:21:41 +0000] "GET /api/v1/books HTTP/1.1" 200 1953 "-" "PostmanRuntime/7.29.0"
::1 - - [26/Jun/2022:14:22:02 +0000] "DELETE /api/v1/books/62b86b34b65a28d7d93d698e HTTP/1.1" 200 1855 "-" "PostmanRuntime/7.29.0"
::1 - - [26/Jun/2022:14:22:05 +0000] "GET /api/v1/books HTTP/1.1" 200 64 "-" "PostmanRuntime/7.29.0"
::1 - - [26/Jun/2022:14:22:11 +0000] "POST /api/v1/books/ HTTP/1.1" 200 1855 "-" "PostmanRuntime/7.29.0"
::1 - - [26/Jun/2022:14:23:11 +0000] "POST /api/v1/books/ HTTP/1.1" 200 1855 "-" "PostmanRuntime/7.29.0"
::1 - - [26/Jun/2022:14:23:26 +0000] "GET /api/v1/books HTTP/1.1" 200 1953 "-" "PostmanRuntime/7.29.0"
::1 - - [26/Jun/2022:14:24:52 +0000] "GET /api/v1/books/62b8554ee95bd467b9f64bfc HTTP/1.1" 200 59 "-" "PostmanRuntime/7.29.0"
::1 - - [26/Jun/2022:14:25:05 +0000] "GET /api/v1/books HTTP/1.1" 200 15525 "-" "PostmanRuntime/7.29.0"
::1 - - [26/Jun/2022:14:25:10 +0000] "GET /api/v1/categories HTTP/1.1" 200 2177 "-" "PostmanRuntime/7.29.0"
::1 - - [26/Jun/2022:14:25:32 +0000] "GET /api/v1/categories/62b6b2f469e0042334e72a3b/books HTTP/1.1" 200 5260 "-" "PostmanRuntime/7.29.0"
::1 - - [26/Jun/2022:14:27:56 +0000] "POST /api/v1/books/ HTTP/1.1" 200 1855 "-" "PostmanRuntime/7.29.0"
::1 - - [26/Jun/2022:14:28:07 +0000] "POST /api/v1/books/ HTTP/1.1" 400 76 "-" "PostmanRuntime/7.29.0"
::1 - - [26/Jun/2022:14:28:16 +0000] "POST /api/v1/books/ HTTP/1.1" 200 1853 "-" "PostmanRuntime/7.29.0"
::1 - - [26/Jun/2022:14:29:05 +0000] "POST /api/v1/books/ HTTP/1.1" 200 1851 "-" "PostmanRuntime/7.29.0"
::1 - - [26/Jun/2022:14:36:26 +0000] "GET /api/v1/categories HTTP/1.1" 200 2070 "-" "PostmanRuntime/7.29.0"
::1 - - [26/Jun/2022:14:36:46 +0000] "GET /api/v1/books HTTP/1.1" 200 15382 "-" "PostmanRuntime/7.29.0"
::1 - - [26/Jun/2022:14:37:02 +0000] "GET /api/v1/categories HTTP/1.1" 200 2070 "-" "PostmanRuntime/7.29.0"
::1 - - [26/Jun/2022:14:41:10 +0000] "GET /api/v1/categories HTTP/1.1" 200 2186 "-" "PostmanRuntime/7.29.0"
::1 - - [26/Jun/2022:14:43:07 +0000] "GET /api/v1/categories HTTP/1.1" 200 2070 "-" "PostmanRuntime/7.29.0"
::1 - - [26/Jun/2022:14:44:07 +0000] "GET /api/v1/categories HTTP/1.1" 200 2070 "-" "PostmanRuntime/7.29.0"
::1 - - [26/Jun/2022:14:50:16 +0000] "GET /api/v1/categories HTTP/1.1" 200 2172 "-" "PostmanRuntime/7.29.0"
::1 - - [26/Jun/2022:14:54:00 +0000] "POST /api/v1/books/ HTTP/1.1" 200 1851 "-" "PostmanRuntime/7.29.0"
::1 - - [26/Jun/2022:14:54:07 +0000] "GET /api/v1/categories HTTP/1.1" 200 2172 "-" "PostmanRuntime/7.29.0"
::1 - - [26/Jun/2022:14:54:35 +0000] "DELETE /api/v1/books/62b85af78b2003968c455f1b HTTP/1.1" 400 104 "-" "PostmanRuntime/7.29.0"
::1 - - [26/Jun/2022:14:54:40 +0000] "GET /api/v1/books HTTP/1.1" 200 17403 "-" "PostmanRuntime/7.29.0"
::1 - - [26/Jun/2022:14:54:45 +0000] "GET /api/v1/categories HTTP/1.1" 200 2172 "-" "PostmanRuntime/7.29.0"
::1 - - [26/Jun/2022:14:54:48 +0000] "GET /api/v1/categories HTTP/1.1" 200 2172 "-" "PostmanRuntime/7.29.0"
::1 - - [26/Jun/2022:14:54:57 +0000] "GET /api/v1/categories HTTP/1.1" 200 2172 "-" "PostmanRuntime/7.29.0"
::1 - - [26/Jun/2022:14:56:44 +0000] "GET /api/v1/books HTTP/1.1" 200 17403 "-" "PostmanRuntime/7.29.0"
::1 - - [26/Jun/2022:14:57:02 +0000] "DELETE /api/v1/books/62b87307dd899223417b71d3 HTTP/1.1" 200 1851 "-" "PostmanRuntime/7.29.0"
::1 - - [26/Jun/2022:14:57:07 +0000] "GET /api/v1/categories HTTP/1.1" 200 2172 "-" "PostmanRuntime/7.29.0"
